This file contains any messages produced by compilers while
running configure, to aid debugging if configure makes a mistake.

It was created by MTI configure 0.1, which was
generated by GNU Autoconf 2.60.  Invocation command line was

  $ ./configure --prefix=/usr/local/openrobots

## --------- ##
## Platform. ##
## --------- ##

hostname = shuttle
uname -m = i686
uname -r = 2.6.15-1-686-smp
uname -s = Linux
uname -v = #2 SMP Mon Mar 6 15:34:50 UTC 2006

/usr/bin/uname -p = unknown
/bin/uname -X     = unknown

/bin/arch              = i686
/usr/bin/arch -k       = unknown
/usr/convex/getsysinfo = unknown
/usr/bin/hostinfo      = unknown
/bin/machine           = unknown
/usr/bin/oslevel       = unknown
/bin/universe          = unknown

PATH: /home/fcamps
PATH: /home/fcamps/bin
PATH: /usr/local/bin
PATH: /bin
PATH: /usr/bin
PATH: /usr/local/openrobots/i386-linux/bin
PATH: /usr/local/gnu/bin
PATH: /local/users/fcamps/jdk1.5.0_06/bin
PATH: /usr/local/openrobots/i386-linux/bin


## ----------- ##
## Core tests. ##
## ----------- ##

configure:1915: checking build system type
configure:1933: result: i686-pc-linux-gnu
configure:1955: checking host system type
configure:1970: result: i686-pc-linux-gnu
configure:2050: checking for g++
configure:2066: found /usr/bin/g++
configure:2077: result: g++
configure:2108: checking for C++ compiler version
configure:2115: g++ --version >&5
g++ (GCC) 4.1.2 20060613 (prerelease) (Debian 4.1.1-5)
Copyright (C) 2006 Free Software Foundation, Inc.
This is free software; see the source for copying conditions.  There is NO
warranty; not even for MERCHANTABILITY or FITNESS FOR A PARTICULAR PURPOSE.

configure:2118: $? = 0
configure:2125: g++ -v >&5
Using built-in specs.
Target: i486-linux-gnu
Configured with: ../src/configure -v --enable-languages=c,c++,java,fortran,objc,obj-c++,ada,treelang --prefix=/usr --enable-shared --with-system-zlib --libexecdir=/usr/lib --without-included-gettext --enable-threads=posix --enable-nls --program-suffix=-4.1 --enable-__cxa_atexit --enable-clocale=gnu --enable-libstdcxx-debug --enable-java-awt=gtk --enable-gtk-cairo --with-java-home=/usr/lib/jvm/java-1.4.2-gcj-4.1-1.4.2.0/jre --enable-mpfr --with-tune=i686 --enable-checking=release i486-linux-gnu
Thread model: posix
gcc version 4.1.2 20060613 (prerelease) (Debian 4.1.1-5)
configure:2128: $? = 0
configure:2135: g++ -V >&5
g++: '-V' option must have argument
configure:2138: $? = 1
configure:2161: checking for C++ compiler default output file name
configure:2188: g++    conftest.cpp  >&5
configure:2191: $? = 0
configure:2237: result: a.out
configure:2242: checking whether the C++ compiler works
configure:2252: ./a.out
configure:2255: $? = 0
configure:2272: result: yes
configure:2279: checking whether we are cross compiling
configure:2281: result: no
configure:2284: checking for suffix of executables
configure:2291: g++ -o conftest    conftest.cpp  >&5
configure:2294: $? = 0
configure:2318: result: 
configure:2324: checking for suffix of object files
configure:2350: g++ -c   conftest.cpp >&5
configure:2353: $? = 0
configure:2376: result: o
configure:2380: checking whether we are using the GNU C++ compiler
configure:2409: g++ -c   conftest.cpp >&5
configure:2415: $? = 0
configure:2422: test -z "$ac_cxx_werror_flag" || test ! -s conftest.err
configure:2425: $? = 0
configure:2432: test -s conftest.o
configure:2435: $? = 0
configure:2449: result: yes
configure:2454: checking whether g++ accepts -g
configure:2484: g++ -c -g  conftest.cpp >&5
configure:2490: $? = 0
configure:2497: test -z "$ac_cxx_werror_flag" || test ! -s conftest.err
configure:2500: $? = 0
configure:2507: test -s conftest.o
configure:2510: $? = 0
configure:2640: result: yes
configure:2783: checking for gcc
configure:2799: found /usr/bin/gcc
configure:2810: result: gcc
configure:3048: checking for C compiler version
configure:3055: gcc --version >&5
gcc (GCC) 4.1.2 20060613 (prerelease) (Debian 4.1.1-5)
Copyright (C) 2006 Free Software Foundation, Inc.
This is free software; see the source for copying conditions.  There is NO
warranty; not even for MERCHANTABILITY or FITNESS FOR A PARTICULAR PURPOSE.

configure:3058: $? = 0
configure:3065: gcc -v >&5
Using built-in specs.
Target: i486-linux-gnu
Configured with: ../src/configure -v --enable-languages=c,c++,java,fortran,objc,obj-c++,ada,treelang --prefix=/usr --enable-shared --with-system-zlib --libexecdir=/usr/lib --without-included-gettext --enable-threads=posix --enable-nls --program-suffix=-4.1 --enable-__cxa_atexit --enable-clocale=gnu --enable-libstdcxx-debug --enable-java-awt=gtk --enable-gtk-cairo --with-java-home=/usr/lib/jvm/java-1.4.2-gcj-4.1-1.4.2.0/jre --enable-mpfr --with-tune=i686 --enable-checking=release i486-linux-gnu
Thread model: posix
gcc version 4.1.2 20060613 (prerelease) (Debian 4.1.1-5)
configure:3068: $? = 0
configure:3075: gcc -V >&5
gcc: '-V' option must have argument
configure:3078: $? = 1
configure:3081: checking whether we are using the GNU C compiler
configure:3110: gcc -c   conftest.c >&5
configure:3116: $? = 0
configure:3123: test -z "$ac_c_werror_flag" || test ! -s conftest.err
configure:3126: $? = 0
configure:3133: test -s conftest.o
configure:3136: $? = 0
configure:3150: result: yes
configure:3155: checking whether gcc accepts -g
configure:3185: gcc -c -g  conftest.c >&5
configure:3191: $? = 0
configure:3198: test -z "$ac_c_werror_flag" || test ! -s conftest.err
configure:3201: $? = 0
configure:3208: test -s conftest.o
configure:3211: $? = 0
configure:3341: result: yes
configure:3358: checking for gcc option to accept ISO C89
configure:3432: gcc  -c -g -O2  conftest.c >&5
configure:3438: $? = 0
configure:3445: test -z "$ac_c_werror_flag" || test ! -s conftest.err
configure:3448: $? = 0
configure:3455: test -s conftest.o
configure:3458: $? = 0
configure:3478: result: none needed
configure:3496: checking for a sed that does not truncate output
configure:3550: result: /bin/sed
configure:3553: checking for grep that handles long lines and -e
configure:3627: result: /bin/grep
configure:3632: checking for egrep
configure:3710: result: /bin/grep -E
configure:3726: checking for ld used by gcc
configure:3793: result: /usr/bin/ld
configure:3802: checking if the linker (/usr/bin/ld) is GNU ld
configure:3817: result: yes
configure:3822: checking for /usr/bin/ld option to reload object files
configure:3829: result: -r
configure:3847: checking for BSD-compatible nm
configure:3896: result: /usr/bin/nm -B
configure:3900: checking whether ln -s works
configure:3904: result: yes
configure:3911: checking how to recognise dependent libraries
configure:4087: result: pass_all
configure:4337: checking how to run the C preprocessor
configure:4377: gcc -E  conftest.c
configure:4383: $? = 0
configure:4421: gcc -E  conftest.c
conftest.c:8:28: error: ac_nonexistent.h: No such file or directory
configure:4427: $? = 1
configure: failed program was:
| /* confdefs.h.  */
| #define PACKAGE_NAME "MTI"
| #define PACKAGE_TARNAME "mti"
| #define PACKAGE_VERSION "0.1"
| #define PACKAGE_STRING "MTI 0.1"
| #define PACKAGE_BUGREPORT ""
| /* end confdefs.h.  */
| #include <ac_nonexistent.h>
configure:4467: result: gcc -E
configure:4496: gcc -E  conftest.c
configure:4502: $? = 0
configure:4540: gcc -E  conftest.c
conftest.c:8:28: error: ac_nonexistent.h: No such file or directory
configure:4546: $? = 1
configure: failed program was:
| /* confdefs.h.  */
| #define PACKAGE_NAME "MTI"
| #define PACKAGE_TARNAME "mti"
| #define PACKAGE_VERSION "0.1"
| #define PACKAGE_STRING "MTI 0.1"
| #define PACKAGE_BUGREPORT ""
| /* end confdefs.h.  */
| #include <ac_nonexistent.h>
configure:4591: checking for ANSI C header files
configure:4621: gcc -c -g -O2  conftest.c >&5
configure:4627: $? = 0
configure:4634: test -z "$ac_c_werror_flag" || test ! -s conftest.err
configure:4637: $? = 0
configure:4644: test -s conftest.o
configure:4647: $? = 0
configure:4743: gcc -o conftest -g -O2   conftest.c  >&5
configure:4746: $? = 0
configure:4752: ./conftest
configure:4755: $? = 0
configure:4772: result: yes
configure:4796: checking for sys/types.h
configure:4817: gcc -c -g -O2  conftest.c >&5
configure:4823: $? = 0
configure:4830: test -z "$ac_c_werror_flag" || test ! -s conftest.err
configure:4833: $? = 0
configure:4840: test -s conftest.o
configure:4843: $? = 0
configure:4856: result: yes
configure:4796: checking for sys/stat.h
configure:4817: gcc -c -g -O2  conftest.c >&5
configure:4823: $? = 0
configure:4830: test -z "$ac_c_werror_flag" || test ! -s conftest.err
configure:4833: $? = 0
configure:4840: test -s conftest.o
configure:4843: $? = 0
configure:4856: result: yes
configure:4796: checking for stdlib.h
configure:4817: gcc -c -g -O2  conftest.c >&5
configure:4823: $? = 0
configure:4830: test -z "$ac_c_werror_flag" || test ! -s conftest.err
configure:4833: $? = 0
configure:4840: test -s conftest.o
configure:4843: $? = 0
configure:4856: result: yes
configure:4796: checking for string.h
configure:4817: gcc -c -g -O2  conftest.c >&5
configure:4823: $? = 0
configure:4830: test -z "$ac_c_werror_flag" || test ! -s conftest.err
configure:4833: $? = 0
configure:4840: test -s conftest.o
configure:4843: $? = 0
configure:4856: result: yes
configure:4796: checking for memory.h
configure:4817: gcc -c -g -O2  conftest.c >&5
configure:4823: $? = 0
configure:4830: test -z "$ac_c_werror_flag" || test ! -s conftest.err
configure:4833: $? = 0
configure:4840: test -s conftest.o
configure:4843: $? = 0
configure:4856: result: yes
configure:4796: checking for strings.h
configure:4817: gcc -c -g -O2  conftest.c >&5
configure:4823: $? = 0
configure:4830: test -z "$ac_c_werror_flag" || test ! -s conftest.err
configure:4833: $? = 0
configure:4840: test -s conftest.o
configure:4843: $? = 0
configure:4856: result: yes
configure:4796: checking for inttypes.h
configure:4817: gcc -c -g -O2  conftest.c >&5
configure:4823: $? = 0
configure:4830: test -z "$ac_c_werror_flag" || test ! -s conftest.err
configure:4833: $? = 0
configure:4840: test -s conftest.o
configure:4843: $? = 0
configure:4856: result: yes
configure:4796: checking for stdint.h
configure:4817: gcc -c -g -O2  conftest.c >&5
configure:4823: $? = 0
configure:4830: test -z "$ac_c_werror_flag" || test ! -s conftest.err
configure:4833: $? = 0
configure:4840: test -s conftest.o
configure:4843: $? = 0
configure:4856: result: yes
configure:4796: checking for unistd.h
configure:4817: gcc -c -g -O2  conftest.c >&5
configure:4823: $? = 0
configure:4830: test -z "$ac_c_werror_flag" || test ! -s conftest.err
configure:4833: $? = 0
configure:4840: test -s conftest.o
configure:4843: $? = 0
configure:4856: result: yes
configure:4883: checking dlfcn.h usability
configure:4900: gcc -c -g -O2  conftest.c >&5
configure:4906: $? = 0
configure:4913: test -z "$ac_c_werror_flag" || test ! -s conftest.err
configure:4916: $? = 0
configure:4923: test -s conftest.o
configure:4926: $? = 0
configure:4937: result: yes
configure:4941: checking dlfcn.h presence
configure:4956: gcc -E  conftest.c
configure:4962: $? = 0
configure:4983: result: yes
configure:5011: checking for dlfcn.h
configure:5019: result: yes
configure:5042: checking how to run the C++ preprocessor
configure:5078: g++ -E  conftest.cpp
configure:5084: $? = 0
configure:5122: g++ -E  conftest.cpp
conftest.cpp:19:28: error: ac_nonexistent.h: No such file or directory
configure:5128: $? = 1
configure: failed program was:
| /* confdefs.h.  */
| #define PACKAGE_NAME "MTI"
| #define PACKAGE_TARNAME "mti"
| #define PACKAGE_VERSION "0.1"
| #define PACKAGE_STRING "MTI 0.1"
| #define PACKAGE_BUGREPORT ""
| #define STDC_HEADERS 1
| #define HAVE_SYS_TYPES_H 1
| #define HAVE_SYS_STAT_H 1
| #define HAVE_STDLIB_H 1
| #define HAVE_STRING_H 1
| #define HAVE_MEMORY_H 1
| #define HAVE_STRINGS_H 1
| #define HAVE_INTTYPES_H 1
| #define HAVE_STDINT_H 1
| #define HAVE_UNISTD_H 1
| #define HAVE_DLFCN_H 1
| /* end confdefs.h.  */
| #include <ac_nonexistent.h>
configure:5168: result: g++ -E
configure:5197: g++ -E  conftest.cpp
configure:5203: $? = 0
configure:5241: g++ -E  conftest.cpp
conftest.cpp:19:28: error: ac_nonexistent.h: No such file or directory
configure:5247: $? = 1
configure: failed program was:
| /* confdefs.h.  */
| #define PACKAGE_NAME "MTI"
| #define PACKAGE_TARNAME "mti"
| #define PACKAGE_VERSION "0.1"
| #define PACKAGE_STRING "MTI 0.1"
| #define PACKAGE_BUGREPORT ""
| #define STDC_HEADERS 1
| #define HAVE_SYS_TYPES_H 1
| #define HAVE_SYS_STAT_H 1
| #define HAVE_STDLIB_H 1
| #define HAVE_STRING_H 1
| #define HAVE_MEMORY_H 1
| #define HAVE_STRINGS_H 1
| #define HAVE_INTTYPES_H 1
| #define HAVE_STDINT_H 1
| #define HAVE_UNISTD_H 1
| #define HAVE_DLFCN_H 1
| /* end confdefs.h.  */
| #include <ac_nonexistent.h>
configure:5347: checking for g77
configure:5377: result: no
configure:5347: checking for f77
configure:5377: result: no
configure:5347: checking for xlf
configure:5377: result: no
configure:5347: checking for frt
configure:5377: result: no
configure:5347: checking for pgf77
configure:5377: result: no
configure:5347: checking for cf77
configure:5377: result: no
configure:5347: checking for fort77
configure:5377: result: no
configure:5347: checking for fl32
configure:5377: result: no
configure:5347: checking for af77
configure:5377: result: no
configure:5347: checking for f90
configure:5377: result: no
configure:5347: checking for xlf90
configure:5377: result: no
configure:5347: checking for pgf90
configure:5377: result: no
configure:5347: checking for pghpf
configure:5377: result: no
configure:5347: checking for epcf90
configure:5377: result: no
configure:5347: checking for gfortran
configure:5377: result: no
configure:5347: checking for g95
configure:5377: result: no
configure:5347: checking for f95
configure:5377: result: no
configure:5347: checking for fort
configure:5377: result: no
configure:5347: checking for xlf95
configure:5377: result: no
configure:5347: checking for ifort
configure:5377: result: no
configure:5347: checking for ifc
configure:5377: result: no
configure:5347: checking for efc
configure:5377: result: no
configure:5347: checking for pgf95
configure:5377: result: no
configure:5347: checking for lf95
configure:5377: result: no
configure:5347: checking for ftn
configure:5377: result: no
configure:5404: checking for Fortran 77 compiler version
configure:5411:  --version >&5
./configure: line 5412: --version: command not found
configure:5414: $? = 127
configure:5421:  -v >&5
./configure: line 5422: -v: command not found
configure:5424: $? = 127
configure:5431:  -V >&5
./configure: line 5432: -V: command not found
configure:5434: $? = 127
configure:5442: checking whether we are using the GNU Fortran 77 compiler
configure:5461:  -c  conftest.F >&5
./configure: line 5462: -c: command not found
configure:5467: $? = 127
configure: failed program was:
|       program main
| #ifndef __GNUC__
|        choke me
| #endif
| 
|       end
configure:5501: result: no
configure:5507: checking whether  accepts -g
configure:5524:  -c -g conftest.f >&5
./configure: line 5525: -c: command not found
configure:5530: $? = 127
configure: failed program was:
|       program main
| 
|       end
configure:5563: result: no
configure:5593: checking the maximum length of command line arguments
configure:5702: result: 32768
configure:5713: checking command to parse /usr/bin/nm -B output from gcc object
configure:5818: gcc -c -g -O2  conftest.c >&5
configure:5821: $? = 0
configure:5825: /usr/bin/nm -B conftest.o \| sed -n -e 's/^.*[ 	]\([ABCDGIRSTW][ABCDGIRSTW]*\)[ 	][ 	]*\([_A-Za-z][_A-Za-z0-9]*\)$/\1 \2 \2/p' \> conftest.nm
configure:5828: $? = 0
configure:5880: gcc -o conftest -g -O2   conftest.c conftstm.o >&5
configure:5883: $? = 0
configure:5921: result: ok
configure:5925: checking for objdir
configure:5940: result: .libs
configure:6032: checking for ar
configure:6048: found /usr/bin/ar
configure:6059: result: ar
configure:6128: checking for ranlib
configure:6144: found /usr/bin/ranlib
configure:6155: result: ranlib
configure:6224: checking for strip
configure:6240: found /usr/bin/strip
configure:6251: result: strip
configure:6537: checking if gcc supports -fno-rtti -fno-exceptions
configure:6555: gcc -c -g -O2  -fno-rtti -fno-exceptions conftest.c >&5
cc1: warning: command line option "-fno-rtti" is valid for C++/ObjC++ but not for C
configure:6559: $? = 0
configure:6572: result: no
configure:6587: checking for gcc option to produce PIC
configure:6797: result: -fPIC
configure:6805: checking if gcc PIC flag -fPIC works
configure:6823: gcc -c -g -O2  -fPIC -DPIC conftest.c >&5
configure:6827: $? = 0
configure:6840: result: yes
configure:6868: checking if gcc static flag -static works
configure:6896: result: yes
configure:6906: checking if gcc supports -c -o file.o
configure:6927: gcc -c -g -O2  -o out/conftest2.o conftest.c >&5
configure:6931: $? = 0
configure:6953: result: yes
configure:6979: checking whether the gcc linker (/usr/bin/ld) supports shared libraries
configure:7965: result: yes
configure:7986: checking whether -lc should be explicitly linked in
configure:7991: gcc -c -g -O2  conftest.c >&5
configure:7994: $? = 0
configure:8009: gcc -shared conftest.o  -v -Wl,-soname -Wl,conftest -o conftest 2\>\&1 \| grep  -lc  \>/dev/null 2\>\&1
configure:8012: $? = 0
configure:8024: result: no
configure:8032: checking dynamic linker characteristics
configure:8641: result: GNU/Linux ld.so
configure:8650: checking how to hardcode library paths into programs
configure:8675: result: immediate
configure:8689: checking whether stripping libraries is possible
configure:8694: result: yes
configure:9607: checking if libtool supports shared libraries
configure:9609: result: yes
configure:9612: checking whether to build shared libraries
configure:9633: result: yes
configure:9636: checking whether to build static libraries
configure:9640: result: yes
configure:9732: creating libtool
configure:10320: checking for ld used by g++
configure:10387: result: /usr/bin/ld
configure:10396: checking if the linker (/usr/bin/ld) is GNU ld
configure:10411: result: yes
configure:10462: checking whether the g++ linker (/usr/bin/ld) supports shared libraries
configure:11428: result: yes
configure:11446: g++ -c -g -O2  conftest.cpp >&5
configure:11449: $? = 0
configure:11568: checking for g++ option to produce PIC
configure:11842: result: -fPIC
configure:11850: checking if g++ PIC flag -fPIC works
configure:11868: g++ -c -g -O2  -fPIC -DPIC conftest.cpp >&5
configure:11872: $? = 0
configure:11885: result: yes
configure:11913: checking if g++ static flag -static works
configure:11941: result: yes
configure:11951: checking if g++ supports -c -o file.o
configure:11972: g++ -c -g -O2  -o out/conftest2.o conftest.cpp >&5
configure:11976: $? = 0
configure:11998: result: yes
configure:12024: checking whether the g++ linker (/usr/bin/ld) supports shared libraries
configure:12049: result: yes
configure:12116: checking dynamic linker characteristics
configure:12725: result: GNU/Linux ld.so
configure:12734: checking how to hardcode library paths into programs
configure:12759: result: immediate
configure:19018: checking for a BSD-compatible install
configure:19074: result: /usr/bin/install -c
configure:19088: checking for mkdep
configure:19107: found /usr/local/bin/mkdep
configure:19120: result: /usr/local/bin/mkdep
configure:19261: creating ./config.status

## ---------------------- ##
## Running config.status. ##
## ---------------------- ##

This file was extended by MTI config.status 0.1, which was
generated by GNU Autoconf 2.60.  Invocation command line was

  CONFIG_FILES    = 
  CONFIG_HEADERS  = 
  CONFIG_LINKS    = 
  CONFIG_COMMANDS = 
  $ ./config.status 

on shuttle

config.status:591: creating Makefile
config.status:591: creating MTI/Makefile
config.status:591: creating src/Makefile
config.status:591: creating test/Makefile
config.status:591: creating MTI.pc

## ---------------- ##
## Cache variables. ##
## ---------------- ##

ac_cv_build=i686-pc-linux-gnu
ac_cv_c_compiler_gnu=yes
ac_cv_cxx_compiler_gnu=yes
ac_cv_env_CCC_set=
ac_cv_env_CCC_value=
ac_cv_env_CC_set=
ac_cv_env_CC_value=
ac_cv_env_CFLAGS_set=
ac_cv_env_CFLAGS_value=
ac_cv_env_CPPFLAGS_set=
ac_cv_env_CPPFLAGS_value=
ac_cv_env_CPP_set=
ac_cv_env_CPP_value=
ac_cv_env_CXXCPP_set=
ac_cv_env_CXXCPP_value=
ac_cv_env_CXXFLAGS_set=
ac_cv_env_CXXFLAGS_value=
ac_cv_env_CXX_set=
ac_cv_env_CXX_value=
ac_cv_env_F77_set=
ac_cv_env_F77_value=
ac_cv_env_FFLAGS_set=
ac_cv_env_FFLAGS_value=
ac_cv_env_LDFLAGS_set=
ac_cv_env_LDFLAGS_value=
ac_cv_env_build_alias_set=
ac_cv_env_build_alias_value=
ac_cv_env_host_alias_set=
ac_cv_env_host_alias_value=
ac_cv_env_target_alias_set=
ac_cv_env_target_alias_value=
ac_cv_f77_compiler_gnu=no
ac_cv_header_dlfcn_h=yes
ac_cv_header_inttypes_h=yes
ac_cv_header_memory_h=yes
ac_cv_header_stdc=yes
ac_cv_header_stdint_h=yes
ac_cv_header_stdlib_h=yes
ac_cv_header_string_h=yes
ac_cv_header_strings_h=yes
ac_cv_header_sys_stat_h=yes
ac_cv_header_sys_types_h=yes
ac_cv_header_unistd_h=yes
ac_cv_host=i686-pc-linux-gnu
ac_cv_objext=o
ac_cv_path_EGREP='/bin/grep -E'
ac_cv_path_GREP=/bin/grep
ac_cv_path_MKDEP=/usr/local/bin/mkdep
ac_cv_path_install='/usr/bin/install -c'
ac_cv_prog_CPP='gcc -E'
ac_cv_prog_CXXCPP='g++ -E'
ac_cv_prog_ac_ct_AR=ar
ac_cv_prog_ac_ct_CC=gcc
ac_cv_prog_ac_ct_CXX=g++
ac_cv_prog_ac_ct_RANLIB=ranlib
ac_cv_prog_ac_ct_STRIP=strip
ac_cv_prog_cc_c89=
ac_cv_prog_cc_g=yes
ac_cv_prog_cxx_g=yes
ac_cv_prog_f77_g=no
lt_cv_deplibs_check_method=pass_all
lt_cv_file_magic_cmd='$MAGIC_CMD'
lt_cv_file_magic_test_file=
lt_cv_ld_reload_flag=-r
lt_cv_objdir=.libs
lt_cv_path_LD=/usr/bin/ld
lt_cv_path_LDCXX=/usr/bin/ld
lt_cv_path_NM='/usr/bin/nm -B'
lt_cv_path_SED=/bin/sed
lt_cv_prog_compiler_c_o=yes
lt_cv_prog_compiler_c_o_CXX=yes
lt_cv_prog_compiler_rtti_exceptions=no
lt_cv_prog_gnu_ld=yes
lt_cv_prog_gnu_ldcxx=yes
lt_cv_sys_global_symbol_pipe='sed -n -e '\''s/^.*[ 	]\([ABCDGIRSTW][ABCDGIRSTW]*\)[ 	][ 	]*\([_A-Za-z][_A-Za-z0-9]*\)$/\1 \2 \2/p'\'''
lt_cv_sys_global_symbol_to_c_name_address='sed -n -e '\''s/^: \([^ ]*\) $/  {\"\1\", (lt_ptr) 0},/p'\'' -e '\''s/^[BCDEGRST] \([^ ]*\) \([^ ]*\)$/  {"\2", (lt_ptr) \&\2},/p'\'''
lt_cv_sys_global_symbol_to_cdecl='sed -n -e '\''s/^. .* \(.*\)$/extern int \1;/p'\'''
lt_cv_sys_max_cmd_len=32768
lt_lt_cv_prog_compiler_c_o='"yes"'
lt_lt_cv_prog_compiler_c_o_CXX='"yes"'
lt_lt_cv_sys_global_symbol_pipe='"sed -n -e '\''s/^.*[ 	]\\([ABCDGIRSTW][ABCDGIRSTW]*\\)[ 	][ 	]*\\([_A-Za-z][_A-Za-z0-9]*\\)\$/\\1 \\2 \\2/p'\''"'
lt_lt_cv_sys_global_symbol_to_c_name_address='"sed -n -e '\''s/^: \\([^ ]*\\) \$/  {\\\"\\1\\\", (lt_ptr) 0},/p'\'' -e '\''s/^[BCDEGRST] \\([^ ]*\\) \\([^ ]*\\)\$/  {\"\\2\", (lt_ptr) \\&\\2},/p'\''"'
lt_lt_cv_sys_global_symbol_to_cdecl='"sed -n -e '\''s/^. .* \\(.*\\)\$/extern int \\1;/p'\''"'

## ----------------- ##
## Output variables. ##
## ----------------- ##

AR='ar'
CC='gcc'
CFLAGS='-g -O2'
CPP='gcc -E'
CPPFLAGS=''
CXX='g++'
CXXCPP='g++ -E'
CXXFLAGS='-g -O2'
DEFS='-DPACKAGE_NAME=\"MTI\" -DPACKAGE_TARNAME=\"mti\" -DPACKAGE_VERSION=\"0.1\" -DPACKAGE_STRING=\"MTI\ 0.1\" -DPACKAGE_BUGREPORT=\"\" -DSTDC_HEADERS=1 -DHAVE_SYS_TYPES_H=1 -DHAVE_SYS_STAT_H=1 -DHAVE_STDLIB_H=1 -DHAVE_STRING_H=1 -DHAVE_MEMORY_H=1 -DHAVE_STRINGS_H=1 -DHAVE_INTTYPES_H=1 -DHAVE_STDINT_H=1 -DHAVE_UNISTD_H=1 -DHAVE_DLFCN_H=1'
ECHO='echo'
ECHO_C=''
ECHO_N='-n'
ECHO_T=''
EGREP='/bin/grep -E'
EXEEXT=''
F77=''
FFLAGS=''
GREP='/bin/grep'
INSTALL_DATA='${INSTALL} -m 644'
INSTALL_PROGRAM='${INSTALL}'
INSTALL_SCRIPT='${INSTALL}'
LDFLAGS=''
LIBOBJS=''
LIBS=''
LIBTOOL='$(SHELL) $(top_builddir)/libtool'
LN_S='ln -s'
LTLIBOBJS=''
MKDEP='/usr/local/bin/mkdep'
OBJEXT='o'
PACKAGE_BUGREPORT=''
PACKAGE_NAME='MTI'
PACKAGE_STRING='MTI 0.1'
PACKAGE_TARNAME='mti'
PACKAGE_VERSION='0.1'
PATH_SEPARATOR=':'
RANLIB='ranlib'
SHELL='/bin/sh'
STRIP='strip'
ac_ct_CC='gcc'
ac_ct_CXX='g++'
ac_ct_F77=''
bindir='${exec_prefix}/bin'
build='i686-pc-linux-gnu'
build_alias=''
build_cpu='i686'
build_os='linux-gnu'
build_vendor='pc'
datadir='${datarootdir}'
datarootdir='${prefix}/share'
docdir='${datarootdir}/doc/${PACKAGE_TARNAME}'
dvidir='${docdir}'
exec_prefix='${prefix}'
host='i686-pc-linux-gnu'
host_alias=''
host_cpu='i686'
host_os='linux-gnu'
host_vendor='pc'
htmldir='${docdir}'
includedir='${prefix}/include'
infodir='${datarootdir}/info'
libdir='${exec_prefix}/lib'
libexecdir='${exec_prefix}/libexec'
localedir='${datarootdir}/locale'
localstatedir='${prefix}/var'
mandir='${datarootdir}/man'
oldincludedir='/usr/include'
pdfdir='${docdir}'
prefix='/usr/local/openrobots'
program_transform_name='s,x,x,'
psdir='${docdir}'
sbindir='${exec_prefix}/sbin'
sharedstatedir='${prefix}/com'
sysconfdir='${prefix}/etc'
target_alias=''

## ----------- ##
## confdefs.h. ##
## ----------- ##

#define PACKAGE_NAME "MTI"
#define PACKAGE_TARNAME "mti"
#define PACKAGE_VERSION "0.1"
#define PACKAGE_STRING "MTI 0.1"
#define PACKAGE_BUGREPORT ""
#define STDC_HEADERS 1
#define HAVE_SYS_TYPES_H 1
#define HAVE_SYS_STAT_H 1
#define HAVE_STDLIB_H 1
#define HAVE_STRING_H 1
#define HAVE_MEMORY_H 1
#define HAVE_STRINGS_H 1
#define HAVE_INTTYPES_H 1
#define HAVE_STDINT_H 1
#define HAVE_UNISTD_H 1
#define HAVE_DLFCN_H 1

configure: exit 0
